Arguments: 
  /Users/apple/.nvm/versions/node/v16.5.0/bin/node /Users/apple/.nvm/versions/node/v16.5.0/bin/yarn add webpack -D

PATH: 
  .:/opt/local/bin:/opt/local/sbin:/usr/local/bin:/usr/bin:/bin:/usr/sbin:/sbin:.:/Users/apple/.nvm/versions/node/v16.5.0/bin:/opt/local/bin:/opt/local/sbin:/Library/Java/JavaVirtualMachines/jdk-13.jdk/Contents/Home/lib:/Library/Java/JavaVirtualMachines/jdk-13.jdk/Contents/Home/lib

Yarn version: 
  1.22.10

Node version: 
  16.5.0

Platform: 
  darwin x64

Trace: 
  Error: http://r.cnpmjs.org/webpack: ETIMEDOUT
      at Timeout._onTimeout (/Users/apple/.nvm/versions/node/v16.5.0/lib/node_modules/yarn/lib/cli.js:141322:19)
      at listOnTimeout (node:internal/timers:557:17)
      at processTimers (node:internal/timers:500:7)

npm manifest: 
  {
    "name": "version-webpack-plugin",
    "version": "1.0.0",
    "description": "生成版本信息的wepback插件",
    "main": "index.js",
    "scripts": {
      "test": "echo \"Error: no test specified\" && exit 1"
    },
    "repository": {
      "type": "git",
      "url": "git+https://github.com/zhangwinwin/version-webpack-plugin.git"
    },
    "keywords": [],
    "author": "",
    "license": "ISC",
    "bugs": {
      "url": "https://github.com/zhangwinwin/version-webpack-plugin/issues"
    },
    "homepage": "https://github.com/zhangwinwin/version-webpack-plugin#readme"
  }

yarn manifest: 
  No manifest

Lockfile: 
  No lockfile
